<?xml version="1.0" encoding="UTF-8"?>
<!-- Generated by org.testng.reporters.JUnitReportReporter -->
<testsuite hostname="IBM-CT5ZKQ3" failures="0" tests="1" name="demo1.POJOClassNestedJSONPayload$CreateNestedJSONFromPOJOClasses" time="0.326" errors="0" timestamp="2025-01-29T15:22:23 IST" skipped="0">
  <testcase classname="demo1.POJOClassNestedJSONPayload$CreateNestedJSONFromPOJOClasses" name="function" time="0.326"/>
  <system-out/>
</testsuite> <!-- demo1.POJOClassNestedJSONPayload$CreateNestedJSONFromPOJOClasses -->
