<?xml version="1.0" encoding="UTF-8"?>
<!-- Generated by org.testng.reporters.JUnitReportReporter -->
<testsuite hostname="IBM-CT5ZKQ3" failures="0" tests="2" name="demo1.GetTest" time="3.167" errors="0" timestamp="2025-01-28T14:58:03 IST" skipped="1">
  <testcase classname="demo1.GetTest" name="test1" time="3.167"/>
  <system-out/>
  <testcase classname="demo1.GetTest" name="test">
    <skipped/>
  </testcase> <!-- test -->
  <system-out/>
</testsuite> <!-- demo1.GetTest -->
