<?xml version="1.0" encoding="UTF-8"?>
<!-- Generated by org.testng.reporters.JUnitReportReporter -->
<testsuite hostname="IBM-CT5ZKQ3" failures="0" tests="9" name="demo1.FIExample" time="9.088" errors="0" timestamp="2025-01-29T11:46:47 IST" skipped="0">
  <testcase classname="demo1.FIExample" name="testNoOfCircuits_dataDriven" time="3.242"/>
  <system-out/>
  <testcase classname="demo1.FIExample" name="testNoOfCircuits_dataDriven" time="0.596"/>
  <system-out/>
  <testcase classname="demo1.FIExample" name="test_circuitAndCountry" time="1.337"/>
  <system-out/>
  <testcase classname="demo1.FIExample" name="test_NumberOfCircuts" time="0.669"/>
  <system-out/>
  <testcase classname="demo1.FIExample" name="test_noOfCircuitsUsingResponseSpec" time="0.742"/>
  <system-out/>
  <testcase classname="demo1.FIExample" name="testNoOfCircuits_dataDriven" time="0.644"/>
  <system-out/>
  <testcase classname="demo1.FIExample" name="testNoOfCircuits_dataDriven" time="0.630"/>
  <system-out/>
  <testcase classname="demo1.FIExample" name="test_responseHeaderData" time="0.581"/>
  <system-out/>
  <testcase classname="demo1.FIExample" name="test_NoOfCircuits_Parametrized" time="0.647"/>
  <system-out/>
</testsuite> <!-- demo1.FIExample -->
