<?xml version="1.0" encoding="UTF-8"?>
<!-- Generated by org.testng.reporters.JUnitReportReporter -->
<testsuite hostname="IBM-CT5ZKQ3" failures="0" tests="1" name="demo1.POJOClassJSONArrayPayload" time="0.183" errors="0" timestamp="2025-01-29T14:46:30 IST" skipped="0">
  <testcase classname="demo1.POJOClassJSONArrayPayload" name="CreateList" time="0.183"/>
  <system-out/>
</testsuite> <!-- demo1.POJOClassJSONArrayPayload -->
