<?xml version="1.0" encoding="UTF-8"?>
<!-- Generated by org.testng.reporters.JUnitReportReporter -->
<testsuite hostname="IBM-CT5ZKQ3" failures="0" tests="1" name="demo1.Exercise0129" time="3.830" errors="0" timestamp="2025-01-29T18:19:40 IST" skipped="0">
  <testcase classname="demo1.Exercise0129" name="testAuthorizationSuccessMessage" time="3.830"/>
  <system-out/>
</testsuite> <!-- demo1.Exercise0129 -->
