<?xml version="1.0" encoding="UTF-8"?>
<!-- Generated by org.testng.reporters.JUnitReportReporter -->
<testsuite hostname="IBM-CT5ZKQ3" failures="0" tests="1" name="demo1.PostTestWithPayload" time="2.558" errors="0" timestamp="2025-01-28T15:40:27 IST" skipped="0">
  <testcase classname="demo1.PostTestWithPayload" name="test1" time="2.558"/>
  <system-out/>
</testsuite> <!-- demo1.PostTestWithPayload -->
