<?xml version="1.0" encoding="UTF-8"?>
<!-- Generated by org.testng.reporters.JUnitReportReporter -->
<testsuite hostname="IBM-CT5ZKQ3" failures="0" tests="1" name="demo1.PostTest" time="2.544" errors="0" timestamp="2025-01-28T16:40:19 IST" skipped="0">
  <testcase classname="demo1.PostTest" name="test1" time="2.544"/>
  <system-out/>
</testsuite> <!-- demo1.PostTest -->
